{
  "timestamp": "2025-05-25T13:41:48.287601",
  "total_tests": 8,
  "passed_tests": 7,
  "failed_tests": 1,
  "critical_failures": 1,
  "overall_score": 62.5,
  "production_ready": false,
  "results": [
    {
      "component": "File System",
      "test_name": "Security Files Existence",
      "passed": true,
      "message": "All 13 security files present",
      "execution_time": 0.0007486343383789062,
      "severity": "critical"
    },
    {
      "component": "Imports",
      "test_name": "Module Import Capabilities",
      "passed": true,
      "message": "All 8 modules imported successfully",
      "execution_time": 2.5638372898101807,
      "severity": "critical"
    },
    {
      "component": "Database",
      "test_name": "Database Connectivity",
      "passed": true,
      "message": "Database connectivity verified",
      "execution_time": 0.0005462169647216797,
      "severity": "high"
    },
    {
      "component": "Encryption",
      "test_name": "Encryption Capabilities",
      "passed": true,
      "message": "All encryption capabilities verified",
      "execution_time": 0.0010385513305664062,
      "severity": "high"
    },
    {
      "component": "Configuration",
      "test_name": "Configuration Validity",
      "passed": true,
      "message": "Warning: Missing recommended env vars: SECRET_KEY, JWT_SECRET_KEY, DATABASE_URL",
      "execution_time": 1.5497207641601562e-05,
      "severity": "medium"
    },
    {
      "component": "Integration",
      "test_name": "Integration Readiness",
      "passed": true,
      "message": "Security manager created successfully",
      "execution_time": 0.10468125343322754,
      "severity": "high"
    },
    {
      "component": "Security Tests",
      "test_name": "Security Test Suite",
      "passed": false,
      "message": "Security tests failed: INFO:__main__:Starting simplified security test suite...\nINFO:__main__:Test Security Module Imports: PASS (1.270s)\nINFO:__main__:Test Password Strength Validation: PASS (0.000s)\nINFO:__main__:Test Session Security: PASS (0.000s)\nINFO:__main__:Test Input Sanitization: PASS (0.000s)\nINFO:__main__:Test Encryption Basics: PASS (0.003s)\nINFO:__main__:Test Security Headers: PASS (0.000s)\nINFO:__main__:Test Rate Limiting Logic: PASS (0.000s)\nTraceback (most recent call last):\n  File \"C:\\ALTAIR GARCIA\\04__ia\\security_test_simple.py\", line 424, in <module>\n    exit_code = main()\n  File \"C:\\ALTAIR GARCIA\\04__ia\\security_test_simple.py\", line 418, in main\n    print(f\"\\n\\U0001f4c4 Detailed report saved to: {report_file}\")\n    ~~~~~^^^^^^^^^^^^^^^^^^^^^^^^^^^^^^^^^^^^^^^^^^^^^^^^^\n  File \"C:\\Python313\\Lib\\encodings\\cp1252.py\", line 19, in encode\n    return codecs.charmap_encode(input,self.errors,encoding_table)[0]\n           ~~~~~~~~~~~~~~~~~~~~~^^^^^^^^^^^^^^^^^^^^^^^^^^^^^^^^^^\nUnicodeEncodeError: 'charmap' codec can't encode character '\\U0001f4c4' in position 2: character maps to <undefined>\n",
      "execution_time": 1.6391396522521973,
      "severity": "critical"
    },
    {
      "component": "Performance",
      "test_name": "Performance Assessment",
      "passed": true,
      "message": "Performance assessment completed successfully",
      "execution_time": 1.0311644077301025,
      "severity": "medium"
    }
  ],
  "recommendations": [
    "CRITICAL: Address all critical failures before deployment",
    "  - Fix Security Tests: Security tests failed: INFO:__main__:Starting simplified security test suite...\nINFO:__main__:Test Security Module Imports: PASS (1.270s)\nINFO:__main__:Test Password Strength Validation: PASS (0.000s)\nINFO:__main__:Test Session Security: PASS (0.000s)\nINFO:__main__:Test Input Sanitization: PASS (0.000s)\nINFO:__main__:Test Encryption Basics: PASS (0.003s)\nINFO:__main__:Test Security Headers: PASS (0.000s)\nINFO:__main__:Test Rate Limiting Logic: PASS (0.000s)\nTraceback (most recent call last):\n  File \"C:\\ALTAIR GARCIA\\04__ia\\security_test_simple.py\", line 424, in <module>\n    exit_code = main()\n  File \"C:\\ALTAIR GARCIA\\04__ia\\security_test_simple.py\", line 418, in main\n    print(f\"\\n\\U0001f4c4 Detailed report saved to: {report_file}\")\n    ~~~~~^^^^^^^^^^^^^^^^^^^^^^^^^^^^^^^^^^^^^^^^^^^^^^^^^\n  File \"C:\\Python313\\Lib\\encodings\\cp1252.py\", line 19, in encode\n    return codecs.charmap_encode(input,self.errors,encoding_table)[0]\n           ~~~~~~~~~~~~~~~~~~~~~^^^^^^^^^^^^^^^^^^^^^^^^^^^^^^^^^^\nUnicodeEncodeError: 'charmap' codec can't encode character '\\U0001f4c4' in position 2: character maps to <undefined>\n"
  ],
  "next_steps": [
    "\u274c System requires fixes before production deployment",
    "Address all critical and high-priority issues",
    "Re-run validation after fixes",
    "Consider phased deployment approach",
    "Implement additional testing if needed",
    "Review security configuration and policies"
  ]
}